{"/home/fernando/workspace/rocketseat/gostack/gobarber/gostack-gobarber-app/src/components/Button/index.tsx": {"path":"/home/fernando/workspace/rocketseat/gostack/gobarber/gostack-gobarber-app/src/components/Button/index.tsx","statementMap":{"0":{"start":{"line":10,"column":38},"end":{"line":14,"column":1}},"1":{"start":{"line":11,"column":2},"end":{"line":13,"column":14}}},"fnMap":{"0":{"name":"(anonymous_0)","decl":{"start":{"line":10,"column":38},"end":{"line":10,"column":39}},"loc":{"start":{"line":11,"column":2},"end":{"line":13,"column":14}},"line":11}},"branchMap":{},"s":{"0":1,"1":1},"f":{"0":1},"b":{},"_coverageSchema":"43e27e138ebf9cfc5966b082cf9a028302ed4184","hash":"8d5fe4677f01a76f75a789ca4a7ab1ca06e2be3d"}
,"/home/fernando/workspace/rocketseat/gostack/gobarber/gostack-gobarber-app/src/components/Input/index.tsx": {"path":"/home/fernando/workspace/rocketseat/gostack/gobarber/gostack-gobarber-app/src/components/Input/index.tsx","statementMap":{"0":{"start":{"line":28,"column":66},"end":{"line":91,"column":1}},"1":{"start":{"line":32,"column":26},"end":{"line":32,"column":43}},"2":{"start":{"line":33,"column":65},"end":{"line":33,"column":79}},"3":{"start":{"line":34,"column":24},"end":{"line":34,"column":76}},"4":{"start":{"line":36,"column":36},"end":{"line":36,"column":51}},"5":{"start":{"line":37,"column":34},"end":{"line":37,"column":49}},"6":{"start":{"line":39,"column":2},"end":{"line":53,"column":33}},"7":{"start":{"line":40,"column":4},"end":{"line":52,"column":7}},"8":{"start":{"line":45,"column":8},"end":{"line":45,"column":44}},"9":{"start":{"line":46,"column":8},"end":{"line":46,"column":64}},"10":{"start":{"line":49,"column":8},"end":{"line":49,"column":41}},"11":{"start":{"line":50,"column":8},"end":{"line":50,"column":40}},"12":{"start":{"line":55,"column":2},"end":{"line":59,"column":6}},"13":{"start":{"line":55,"column":34},"end":{"line":59,"column":3}},"14":{"start":{"line":57,"column":6},"end":{"line":57,"column":38}},"15":{"start":{"line":61,"column":27},"end":{"line":63,"column":8}},"16":{"start":{"line":62,"column":4},"end":{"line":62,"column":23}},"17":{"start":{"line":65,"column":26},"end":{"line":68,"column":8}},"18":{"start":{"line":66,"column":4},"end":{"line":66,"column":24}},"19":{"start":{"line":67,"column":4},"end":{"line":67,"column":47}},"20":{"start":{"line":70,"column":2},"end":{"line":90,"column":4}},"21":{"start":{"line":85,"column":10},"end":{"line":85,"column":46}}},"fnMap":{"0":{"name":"(anonymous_0)","decl":{"start":{"line":28,"column":66},"end":{"line":28,"column":67}},"loc":{"start":{"line":31,"column":5},"end":{"line":91,"column":1}},"line":31},"1":{"name":"(anonymous_1)","decl":{"start":{"line":39,"column":12},"end":{"line":39,"column":13}},"loc":{"start":{"line":39,"column":18},"end":{"line":53,"column":3}},"line":39},"2":{"name":"(anonymous_2)","decl":{"start":{"line":44,"column":6},"end":{"line":44,"column":7}},"loc":{"start":{"line":44,"column":30},"end":{"line":47,"column":7}},"line":44},"3":{"name":"(anonymous_3)","decl":{"start":{"line":48,"column":6},"end":{"line":48,"column":7}},"loc":{"start":{"line":48,"column":19},"end":{"line":51,"column":7}},"line":48},"4":{"name":"(anonymous_4)","decl":{"start":{"line":55,"column":27},"end":{"line":55,"column":28}},"loc":{"start":{"line":55,"column":34},"end":{"line":59,"column":3}},"line":55},"5":{"name":"(anonymous_5)","decl":{"start":{"line":56,"column":4},"end":{"line":56,"column":5}},"loc":{"start":{"line":56,"column":12},"end":{"line":58,"column":5}},"line":56},"6":{"name":"(anonymous_6)","decl":{"start":{"line":61,"column":39},"end":{"line":61,"column":40}},"loc":{"start":{"line":61,"column":45},"end":{"line":63,"column":3}},"line":61},"7":{"name":"(anonymous_7)","decl":{"start":{"line":65,"column":38},"end":{"line":65,"column":39}},"loc":{"start":{"line":65,"column":44},"end":{"line":68,"column":3}},"line":65},"8":{"name":"(anonymous_8)","decl":{"start":{"line":84,"column":22},"end":{"line":84,"column":23}},"loc":{"start":{"line":84,"column":33},"end":{"line":86,"column":9}},"line":84}},"branchMap":{"0":{"loc":{"start":{"line":29,"column":16},"end":{"line":29,"column":35}},"type":"default-arg","locations":[{"start":{"line":29,"column":33},"end":{"line":29,"column":35}}],"line":29},"1":{"loc":{"start":{"line":33,"column":25},"end":{"line":33,"column":42}},"type":"default-arg","locations":[{"start":{"line":33,"column":40},"end":{"line":33,"column":42}}],"line":33},"2":{"loc":{"start":{"line":75,"column":15},"end":{"line":75,"column":60}},"type":"cond-expr","locations":[{"start":{"line":75,"column":39},"end":{"line":75,"column":48}},{"start":{"line":75,"column":51},"end":{"line":75,"column":60}}],"line":75},"3":{"loc":{"start":{"line":75,"column":15},"end":{"line":75,"column":36}},"type":"binary-expr","locations":[{"start":{"line":75,"column":15},"end":{"line":75,"column":24}},{"start":{"line":75,"column":28},"end":{"line":75,"column":36}}],"line":75}},"s":{"0":1,"1":2,"2":2,"3":2,"4":2,"5":2,"6":2,"7":2,"8":0,"9":0,"10":0,"11":0,"12":2,"13":1,"14":0,"15":2,"16":0,"17":2,"18":0,"19":0,"20":2,"21":0},"f":{"0":2,"1":2,"2":0,"3":0,"4":1,"5":0,"6":0,"7":0,"8":0},"b":{"0":[2],"1":[2],"2":[0,2],"3":[2,2]},"_coverageSchema":"43e27e138ebf9cfc5966b082cf9a028302ed4184","hash":"114770677edc796ad3911dfc5bc1c9adfad699ff"}
,"/home/fernando/workspace/rocketseat/gostack/gobarber/gostack-gobarber-app/src/hooks/auth.tsx": {"path":"/home/fernando/workspace/rocketseat/gostack/gobarber/gostack-gobarber-app/src/hooks/auth.tsx","statementMap":{"0":{"start":{"line":37,"column":20},"end":{"line":37,"column":73}},"1":{"start":{"line":39,"column":31},"end":{"line":102,"column":1}},"2":{"start":{"line":40,"column":26},"end":{"line":40,"column":62}},"3":{"start":{"line":41,"column":32},"end":{"line":41,"column":46}},"4":{"start":{"line":43,"column":2},"end":{"line":58,"column":9}},"5":{"start":{"line":45,"column":28},"end":{"line":48,"column":8}},"6":{"start":{"line":50,"column":6},"end":{"line":53,"column":7}},"7":{"start":{"line":51,"column":8},"end":{"line":51,"column":64}},"8":{"start":{"line":52,"column":8},"end":{"line":52,"column":66}},"9":{"start":{"line":55,"column":6},"end":{"line":55,"column":24}},"10":{"start":{"line":57,"column":4},"end":{"line":57,"column":22}},"11":{"start":{"line":60,"column":17},"end":{"line":76,"column":8}},"12":{"start":{"line":61,"column":21},"end":{"line":64,"column":6}},"13":{"start":{"line":66,"column":28},"end":{"line":66,"column":41}},"14":{"start":{"line":68,"column":4},"end":{"line":71,"column":7}},"15":{"start":{"line":73,"column":4},"end":{"line":73,"column":59}},"16":{"start":{"line":75,"column":4},"end":{"line":75,"column":29}},"17":{"start":{"line":78,"column":18},"end":{"line":82,"column":8}},"18":{"start":{"line":79,"column":4},"end":{"line":79,"column":74}},"19":{"start":{"line":80,"column":4},"end":{"line":80,"column":29}},"20":{"start":{"line":81,"column":4},"end":{"line":81,"column":46}},"21":{"start":{"line":84,"column":21},"end":{"line":93,"column":3}},"22":{"start":{"line":86,"column":6},"end":{"line":86,"column":73}},"23":{"start":{"line":87,"column":6},"end":{"line":90,"column":9}},"24":{"start":{"line":95,"column":2},"end":{"line":101,"column":4}},"25":{"start":{"line":105,"column":18},"end":{"line":105,"column":41}},"26":{"start":{"line":107,"column":2},"end":{"line":109,"column":3}},"27":{"start":{"line":108,"column":4},"end":{"line":108,"column":67}},"28":{"start":{"line":111,"column":2},"end":{"line":111,"column":17}}},"fnMap":{"0":{"name":"(anonymous_0)","decl":{"start":{"line":39,"column":31},"end":{"line":39,"column":32}},"loc":{"start":{"line":39,"column":49},"end":{"line":102,"column":1}},"line":39},"1":{"name":"(anonymous_1)","decl":{"start":{"line":43,"column":12},"end":{"line":43,"column":13}},"loc":{"start":{"line":43,"column":18},"end":{"line":58,"column":3}},"line":43},"2":{"name":"loadStorageData","decl":{"start":{"line":44,"column":19},"end":{"line":44,"column":34}},"loc":{"start":{"line":44,"column":52},"end":{"line":56,"column":5}},"line":44},"3":{"name":"(anonymous_3)","decl":{"start":{"line":60,"column":29},"end":{"line":60,"column":30}},"loc":{"start":{"line":60,"column":60},"end":{"line":76,"column":3}},"line":60},"4":{"name":"(anonymous_4)","decl":{"start":{"line":78,"column":30},"end":{"line":78,"column":31}},"loc":{"start":{"line":78,"column":42},"end":{"line":82,"column":3}},"line":78},"5":{"name":"(anonymous_5)","decl":{"start":{"line":85,"column":4},"end":{"line":85,"column":5}},"loc":{"start":{"line":85,"column":26},"end":{"line":91,"column":5}},"line":85},"6":{"name":"useAuth","decl":{"start":{"line":104,"column":9},"end":{"line":104,"column":16}},"loc":{"start":{"line":104,"column":36},"end":{"line":112,"column":1}},"line":104}},"branchMap":{"0":{"loc":{"start":{"line":50,"column":6},"end":{"line":53,"column":7}},"type":"if","locations":[{"start":{"line":50,"column":6},"end":{"line":53,"column":7}},{"start":{"line":50,"column":6},"end":{"line":53,"column":7}}],"line":50},"1":{"loc":{"start":{"line":50,"column":10},"end":{"line":50,"column":29}},"type":"binary-expr","locations":[{"start":{"line":50,"column":10},"end":{"line":50,"column":18}},{"start":{"line":50,"column":22},"end":{"line":50,"column":29}}],"line":50},"2":{"loc":{"start":{"line":107,"column":2},"end":{"line":109,"column":3}},"type":"if","locations":[{"start":{"line":107,"column":2},"end":{"line":109,"column":3}},{"start":{"line":107,"column":2},"end":{"line":109,"column":3}}],"line":107}},"s":{"0":1,"1":1,"2":0,"3":0,"4":0,"5":0,"6":0,"7":0,"8":0,"9":0,"10":0,"11":0,"12":0,"13":0,"14":0,"15":0,"16":0,"17":0,"18":0,"19":0,"20":0,"21":0,"22":0,"23":0,"24":0,"25":1,"26":1,"27":0,"28":1},"f":{"0":0,"1":0,"2":0,"3":0,"4":0,"5":0,"6":1},"b":{"0":[0,0],"1":[0,0],"2":[0,1]},"_coverageSchema":"43e27e138ebf9cfc5966b082cf9a028302ed4184","hash":"9332a9357902473c8a26f77caeb106fd49c9f138"}
,"/home/fernando/workspace/rocketseat/gostack/gobarber/gostack-gobarber-app/src/pages/AppointmentCreated/index.tsx": {"path":"/home/fernando/workspace/rocketseat/gostack/gobarber/gostack-gobarber-app/src/pages/AppointmentCreated/index.tsx","statementMap":{"0":{"start":{"line":19,"column":37},"end":{"line":51,"column":1}},"1":{"start":{"line":20,"column":20},"end":{"line":20,"column":35}},"2":{"start":{"line":21,"column":21},"end":{"line":21,"column":31}},"3":{"start":{"line":22,"column":22},"end":{"line":22,"column":43}},"4":{"start":{"line":24,"column":26},"end":{"line":29,"column":13}},"5":{"start":{"line":25,"column":4},"end":{"line":28,"column":7}},"6":{"start":{"line":31,"column":24},"end":{"line":37,"column":24}},"7":{"start":{"line":32,"column":4},"end":{"line":36,"column":6}},"8":{"start":{"line":39,"column":2},"end":{"line":50,"column":4}}},"fnMap":{"0":{"name":"(anonymous_0)","decl":{"start":{"line":19,"column":37},"end":{"line":19,"column":38}},"loc":{"start":{"line":19,"column":43},"end":{"line":51,"column":1}},"line":19},"1":{"name":"(anonymous_1)","decl":{"start":{"line":24,"column":38},"end":{"line":24,"column":39}},"loc":{"start":{"line":24,"column":44},"end":{"line":29,"column":3}},"line":24},"2":{"name":"(anonymous_2)","decl":{"start":{"line":31,"column":32},"end":{"line":31,"column":33}},"loc":{"start":{"line":31,"column":38},"end":{"line":37,"column":3}},"line":31}},"branchMap":{},"s":{"0":0,"1":0,"2":0,"3":0,"4":0,"5":0,"6":0,"7":0,"8":0},"f":{"0":0,"1":0,"2":0},"b":{},"hash":"2c7e038ede6c6fbc0b39438956c5872b559399fe"}
,"/home/fernando/workspace/rocketseat/gostack/gobarber/gostack-gobarber-app/src/pages/CreateAppointment/index.tsx": {"path":"/home/fernando/workspace/rocketseat/gostack/gobarber/gostack-gobarber-app/src/pages/CreateAppointment/index.tsx","statementMap":{"0":{"start":{"line":52,"column":36},"end":{"line":265,"column":1}},"1":{"start":{"line":53,"column":16},"end":{"line":53,"column":26}},"2":{"start":{"line":54,"column":22},"end":{"line":54,"column":49}},"3":{"start":{"line":55,"column":19},"end":{"line":55,"column":28}},"4":{"start":{"line":56,"column":31},"end":{"line":56,"column":46}},"5":{"start":{"line":58,"column":42},"end":{"line":58,"column":74}},"6":{"start":{"line":59,"column":46},"end":{"line":59,"column":61}},"7":{"start":{"line":60,"column":42},"end":{"line":60,"column":62}},"8":{"start":{"line":61,"column":42},"end":{"line":61,"column":53}},"9":{"start":{"line":62,"column":36},"end":{"line":62,"column":60}},"10":{"start":{"line":63,"column":50},"end":{"line":65,"column":3}},"11":{"start":{"line":67,"column":2},"end":{"line":71,"column":9}},"12":{"start":{"line":68,"column":4},"end":{"line":70,"column":7}},"13":{"start":{"line":69,"column":6},"end":{"line":69,"column":34}},"14":{"start":{"line":73,"column":2},"end":{"line":85,"column":39}},"15":{"start":{"line":74,"column":4},"end":{"line":84,"column":9}},"16":{"start":{"line":83,"column":8},"end":{"line":83,"column":39}},"17":{"start":{"line":87,"column":31},"end":{"line":89,"column":8}},"18":{"start":{"line":88,"column":4},"end":{"line":88,"column":36}},"19":{"start":{"line":91,"column":33},"end":{"line":93,"column":8}},"20":{"start":{"line":92,"column":4},"end":{"line":92,"column":41}},"21":{"start":{"line":92,"column":33},"end":{"line":92,"column":39}},"22":{"start":{"line":95,"column":28},"end":{"line":106,"column":3}},"23":{"start":{"line":97,"column":6},"end":{"line":99,"column":7}},"24":{"start":{"line":98,"column":8},"end":{"line":98,"column":33}},"25":{"start":{"line":101,"column":6},"end":{"line":103,"column":7}},"26":{"start":{"line":102,"column":8},"end":{"line":102,"column":30}},"27":{"start":{"line":108,"column":27},"end":{"line":110,"column":8}},"28":{"start":{"line":109,"column":4},"end":{"line":109,"column":26}},"29":{"start":{"line":112,"column":34},"end":{"line":130,"column":62}},"30":{"start":{"line":113,"column":4},"end":{"line":129,"column":5}},"31":{"start":{"line":114,"column":19},"end":{"line":114,"column":41}},"32":{"start":{"line":115,"column":6},"end":{"line":115,"column":34}},"33":{"start":{"line":116,"column":6},"end":{"line":116,"column":25}},"34":{"start":{"line":118,"column":6},"end":{"line":121,"column":9}},"35":{"start":{"line":123,"column":6},"end":{"line":123,"column":63}},"36":{"start":{"line":125,"column":6},"end":{"line":128,"column":8}},"37":{"start":{"line":132,"column":23},"end":{"line":134,"column":14}},"38":{"start":{"line":133,"column":4},"end":{"line":133,"column":13}},"39":{"start":{"line":136,"column":30},"end":{"line":146,"column":20}},"40":{"start":{"line":137,"column":4},"end":{"line":145,"column":9}},"41":{"start":{"line":138,"column":28},"end":{"line":138,"column":37}},"42":{"start":{"line":140,"column":8},"end":{"line":144,"column":10}},"43":{"start":{"line":148,"column":32},"end":{"line":158,"column":20}},"44":{"start":{"line":149,"column":4},"end":{"line":157,"column":9}},"45":{"start":{"line":150,"column":28},"end":{"line":150,"column":38}},"46":{"start":{"line":152,"column":8},"end":{"line":156,"column":10}},"47":{"start":{"line":160,"column":2},"end":{"line":264,"column":4}},"48":{"start":{"line":178,"column":40},"end":{"line":178,"column":51}},"49":{"start":{"line":180,"column":14},"end":{"line":188,"column":34}},"50":{"start":{"line":181,"column":31},"end":{"line":181,"column":64}},"51":{"start":{"line":221,"column":16},"end":{"line":231,"column":23}},"52":{"start":{"line":225,"column":33},"end":{"line":225,"column":55}},"53":{"start":{"line":242,"column":18},"end":{"line":252,"column":25}},"54":{"start":{"line":246,"column":35},"end":{"line":246,"column":57}}},"fnMap":{"0":{"name":"(anonymous_0)","decl":{"start":{"line":52,"column":36},"end":{"line":52,"column":37}},"loc":{"start":{"line":52,"column":42},"end":{"line":265,"column":1}},"line":52},"1":{"name":"(anonymous_1)","decl":{"start":{"line":67,"column":12},"end":{"line":67,"column":13}},"loc":{"start":{"line":67,"column":18},"end":{"line":71,"column":3}},"line":67},"2":{"name":"(anonymous_2)","decl":{"start":{"line":68,"column":30},"end":{"line":68,"column":31}},"loc":{"start":{"line":68,"column":44},"end":{"line":70,"column":5}},"line":68},"3":{"name":"(anonymous_3)","decl":{"start":{"line":73,"column":12},"end":{"line":73,"column":13}},"loc":{"start":{"line":73,"column":18},"end":{"line":85,"column":3}},"line":73},"4":{"name":"(anonymous_4)","decl":{"start":{"line":82,"column":12},"end":{"line":82,"column":13}},"loc":{"start":{"line":82,"column":26},"end":{"line":84,"column":7}},"line":82},"5":{"name":"(anonymous_5)","decl":{"start":{"line":87,"column":43},"end":{"line":87,"column":44}},"loc":{"start":{"line":87,"column":67},"end":{"line":89,"column":3}},"line":87},"6":{"name":"(anonymous_6)","decl":{"start":{"line":91,"column":45},"end":{"line":91,"column":46}},"loc":{"start":{"line":91,"column":51},"end":{"line":93,"column":3}},"line":91},"7":{"name":"(anonymous_7)","decl":{"start":{"line":92,"column":22},"end":{"line":92,"column":23}},"loc":{"start":{"line":92,"column":33},"end":{"line":92,"column":39}},"line":92},"8":{"name":"(anonymous_8)","decl":{"start":{"line":96,"column":4},"end":{"line":96,"column":5}},"loc":{"start":{"line":96,"column":44},"end":{"line":104,"column":5}},"line":96},"9":{"name":"(anonymous_9)","decl":{"start":{"line":108,"column":39},"end":{"line":108,"column":40}},"loc":{"start":{"line":108,"column":57},"end":{"line":110,"column":3}},"line":108},"10":{"name":"(anonymous_10)","decl":{"start":{"line":112,"column":46},"end":{"line":112,"column":47}},"loc":{"start":{"line":112,"column":58},"end":{"line":130,"column":3}},"line":112},"11":{"name":"(anonymous_11)","decl":{"start":{"line":132,"column":35},"end":{"line":132,"column":36}},"loc":{"start":{"line":132,"column":41},"end":{"line":134,"column":3}},"line":132},"12":{"name":"(anonymous_12)","decl":{"start":{"line":136,"column":38},"end":{"line":136,"column":39}},"loc":{"start":{"line":136,"column":44},"end":{"line":146,"column":3}},"line":136},"13":{"name":"(anonymous_13)","decl":{"start":{"line":138,"column":14},"end":{"line":138,"column":15}},"loc":{"start":{"line":138,"column":28},"end":{"line":138,"column":37}},"line":138},"14":{"name":"(anonymous_14)","decl":{"start":{"line":139,"column":11},"end":{"line":139,"column":12}},"loc":{"start":{"line":139,"column":36},"end":{"line":145,"column":7}},"line":139},"15":{"name":"(anonymous_15)","decl":{"start":{"line":148,"column":40},"end":{"line":148,"column":41}},"loc":{"start":{"line":148,"column":46},"end":{"line":158,"column":3}},"line":148},"16":{"name":"(anonymous_16)","decl":{"start":{"line":150,"column":14},"end":{"line":150,"column":15}},"loc":{"start":{"line":150,"column":28},"end":{"line":150,"column":38}},"line":150},"17":{"name":"(anonymous_17)","decl":{"start":{"line":151,"column":11},"end":{"line":151,"column":12}},"loc":{"start":{"line":151,"column":36},"end":{"line":157,"column":7}},"line":151},"18":{"name":"(anonymous_18)","decl":{"start":{"line":178,"column":26},"end":{"line":178,"column":27}},"loc":{"start":{"line":178,"column":40},"end":{"line":178,"column":51}},"line":178},"19":{"name":"(anonymous_19)","decl":{"start":{"line":179,"column":24},"end":{"line":179,"column":25}},"loc":{"start":{"line":180,"column":14},"end":{"line":188,"column":34}},"line":180},"20":{"name":"(anonymous_20)","decl":{"start":{"line":181,"column":25},"end":{"line":181,"column":26}},"loc":{"start":{"line":181,"column":31},"end":{"line":181,"column":64}},"line":181},"21":{"name":"(anonymous_21)","decl":{"start":{"line":220,"column":39},"end":{"line":220,"column":40}},"loc":{"start":{"line":221,"column":16},"end":{"line":231,"column":23}},"line":221},"22":{"name":"(anonymous_22)","decl":{"start":{"line":225,"column":27},"end":{"line":225,"column":28}},"loc":{"start":{"line":225,"column":33},"end":{"line":225,"column":55}},"line":225},"23":{"name":"(anonymous_23)","decl":{"start":{"line":241,"column":16},"end":{"line":241,"column":17}},"loc":{"start":{"line":242,"column":18},"end":{"line":252,"column":25}},"line":242},"24":{"name":"(anonymous_24)","decl":{"start":{"line":246,"column":29},"end":{"line":246,"column":30}},"loc":{"start":{"line":246,"column":35},"end":{"line":246,"column":57}},"line":246}},"branchMap":{"0":{"loc":{"start":{"line":97,"column":6},"end":{"line":99,"column":7}},"type":"if","locations":[{"start":{"line":97,"column":6},"end":{"line":99,"column":7}},{"start":{"line":97,"column":6},"end":{"line":99,"column":7}}],"line":97},"1":{"loc":{"start":{"line":101,"column":6},"end":{"line":103,"column":7}},"type":"if","locations":[{"start":{"line":101,"column":6},"end":{"line":103,"column":7}},{"start":{"line":101,"column":6},"end":{"line":103,"column":7}}],"line":101},"2":{"loc":{"start":{"line":202,"column":11},"end":{"line":210,"column":11}},"type":"binary-expr","locations":[{"start":{"line":202,"column":11},"end":{"line":202,"column":25}},{"start":{"line":203,"column":12},"end":{"line":209,"column":14}}],"line":202}},"s":{"0":0,"1":0,"2":0,"3":0,"4":0,"5":0,"6":0,"7":0,"8":0,"9":0,"10":0,"11":0,"12":0,"13":0,"14":0,"15":0,"16":0,"17":0,"18":0,"19":0,"20":0,"21":0,"22":0,"23":0,"24":0,"25":0,"26":0,"27":0,"28":0,"29":0,"30":0,"31":0,"32":0,"33":0,"34":0,"35":0,"36":0,"37":0,"38":0,"39":0,"40":0,"41":0,"42":0,"43":0,"44":0,"45":0,"46":0,"47":0,"48":0,"49":0,"50":0,"51":0,"52":0,"53":0,"54":0},"f":{"0":0,"1":0,"2":0,"3":0,"4":0,"5":0,"6":0,"7":0,"8":0,"9":0,"10":0,"11":0,"12":0,"13":0,"14":0,"15":0,"16":0,"17":0,"18":0,"19":0,"20":0,"21":0,"22":0,"23":0,"24":0},"b":{"0":[0,0],"1":[0,0],"2":[0,0]},"hash":"01b79f2cc1fb6622c80e85735a15df1642b5ecdf"}
,"/home/fernando/workspace/rocketseat/gostack/gobarber/gostack-gobarber-app/src/pages/Dashboard/index.tsx": {"path":"/home/fernando/workspace/rocketseat/gostack/gobarber/gostack-gobarber-app/src/pages/Dashboard/index.tsx","statementMap":{"0":{"start":{"line":31,"column":28},"end":{"line":96,"column":1}},"1":{"start":{"line":32,"column":19},"end":{"line":32,"column":28}},"2":{"start":{"line":33,"column":23},"end":{"line":33,"column":38}},"3":{"start":{"line":34,"column":36},"end":{"line":34,"column":60}},"4":{"start":{"line":36,"column":2},"end":{"line":40,"column":9}},"5":{"start":{"line":37,"column":4},"end":{"line":39,"column":7}},"6":{"start":{"line":38,"column":6},"end":{"line":38,"column":34}},"7":{"start":{"line":42,"column":28},"end":{"line":44,"column":16}},"8":{"start":{"line":43,"column":4},"end":{"line":43,"column":24}},"9":{"start":{"line":46,"column":38},"end":{"line":51,"column":3}},"10":{"start":{"line":48,"column":6},"end":{"line":48,"column":52}},"11":{"start":{"line":53,"column":2},"end":{"line":95,"column":4}},"12":{"start":{"line":68,"column":36},"end":{"line":68,"column":47}},"13":{"start":{"line":73,"column":10},"end":{"line":91,"column":30}},"14":{"start":{"line":74,"column":27},"end":{"line":74,"column":67}}},"fnMap":{"0":{"name":"(anonymous_0)","decl":{"start":{"line":31,"column":28},"end":{"line":31,"column":29}},"loc":{"start":{"line":31,"column":34},"end":{"line":96,"column":1}},"line":31},"1":{"name":"(anonymous_1)","decl":{"start":{"line":36,"column":12},"end":{"line":36,"column":13}},"loc":{"start":{"line":36,"column":18},"end":{"line":40,"column":3}},"line":36},"2":{"name":"(anonymous_2)","decl":{"start":{"line":37,"column":30},"end":{"line":37,"column":31}},"loc":{"start":{"line":37,"column":44},"end":{"line":39,"column":5}},"line":37},"3":{"name":"(anonymous_3)","decl":{"start":{"line":42,"column":40},"end":{"line":42,"column":41}},"loc":{"start":{"line":42,"column":46},"end":{"line":44,"column":3}},"line":42},"4":{"name":"(anonymous_4)","decl":{"start":{"line":47,"column":4},"end":{"line":47,"column":5}},"loc":{"start":{"line":47,"column":28},"end":{"line":49,"column":5}},"line":47},"5":{"name":"(anonymous_5)","decl":{"start":{"line":68,"column":22},"end":{"line":68,"column":23}},"loc":{"start":{"line":68,"column":36},"end":{"line":68,"column":47}},"line":68},"6":{"name":"(anonymous_6)","decl":{"start":{"line":72,"column":20},"end":{"line":72,"column":21}},"loc":{"start":{"line":73,"column":10},"end":{"line":91,"column":30}},"line":73},"7":{"name":"(anonymous_7)","decl":{"start":{"line":74,"column":21},"end":{"line":74,"column":22}},"loc":{"start":{"line":74,"column":27},"end":{"line":74,"column":67}},"line":74}},"branchMap":{},"s":{"0":0,"1":0,"2":0,"3":0,"4":0,"5":0,"6":0,"7":0,"8":0,"9":0,"10":0,"11":0,"12":0,"13":0,"14":0},"f":{"0":0,"1":0,"2":0,"3":0,"4":0,"5":0,"6":0,"7":0},"b":{},"hash":"b3d70b07288e5e0a28d8d7aacacbc63eb0342fbd"}
,"/home/fernando/workspace/rocketseat/gostack/gobarber/gostack-gobarber-app/src/pages/Profile/index.tsx": {"path":"/home/fernando/workspace/rocketseat/gostack/gobarber/gostack-gobarber-app/src/pages/Profile/index.tsx","statementMap":{"0":{"start":{"line":40,"column":25},"end":{"line":249,"column":1}},"1":{"start":{"line":41,"column":40},"end":{"line":41,"column":49}},"2":{"start":{"line":42,"column":21},"end":{"line":42,"column":36}},"3":{"start":{"line":43,"column":18},"end":{"line":43,"column":43}},"4":{"start":{"line":44,"column":24},"end":{"line":44,"column":47}},"5":{"start":{"line":45,"column":30},"end":{"line":45,"column":53}},"6":{"start":{"line":46,"column":27},"end":{"line":46,"column":50}},"7":{"start":{"line":47,"column":39},"end":{"line":47,"column":62}},"8":{"start":{"line":49,"column":23},"end":{"line":117,"column":3}},"9":{"start":{"line":51,"column":6},"end":{"line":114,"column":7}},"10":{"start":{"line":52,"column":8},"end":{"line":52,"column":39}},"11":{"start":{"line":53,"column":23},"end":{"line":71,"column":10}},"12":{"start":{"line":60,"column":25},"end":{"line":60,"column":37}},"13":{"start":{"line":66,"column":27},"end":{"line":66,"column":39}},"14":{"start":{"line":73,"column":8},"end":{"line":75,"column":11}},"15":{"start":{"line":83,"column":12},"end":{"line":83,"column":16}},"16":{"start":{"line":85,"column":25},"end":{"line":95,"column":9}},"17":{"start":{"line":97,"column":25},"end":{"line":97,"column":60}},"18":{"start":{"line":98,"column":8},"end":{"line":98,"column":34}},"19":{"start":{"line":100,"column":8},"end":{"line":100,"column":54}},"20":{"start":{"line":102,"column":8},"end":{"line":102,"column":28}},"21":{"start":{"line":104,"column":8},"end":{"line":108,"column":9}},"22":{"start":{"line":105,"column":25},"end":{"line":105,"column":49}},"23":{"start":{"line":106,"column":10},"end":{"line":106,"column":45}},"24":{"start":{"line":107,"column":10},"end":{"line":107,"column":17}},"25":{"start":{"line":110,"column":8},"end":{"line":113,"column":10}},"26":{"start":{"line":119,"column":23},"end":{"line":121,"column":18}},"27":{"start":{"line":120,"column":4},"end":{"line":120,"column":24}},"28":{"start":{"line":123,"column":29},"end":{"line":158,"column":27}},"29":{"start":{"line":124,"column":4},"end":{"line":157,"column":6}},"30":{"start":{"line":132,"column":8},"end":{"line":134,"column":9}},"31":{"start":{"line":133,"column":10},"end":{"line":133,"column":17}},"32":{"start":{"line":136,"column":8},"end":{"line":138,"column":9}},"33":{"start":{"line":137,"column":10},"end":{"line":137,"column":55}},"34":{"start":{"line":140,"column":21},"end":{"line":140,"column":35}},"35":{"start":{"line":142,"column":8},"end":{"line":146,"column":11}},"36":{"start":{"line":148,"column":8},"end":{"line":155,"column":13}},"37":{"start":{"line":151,"column":12},"end":{"line":151,"column":41}},"38":{"start":{"line":154,"column":12},"end":{"line":154,"column":57}},"39":{"start":{"line":160,"column":2},"end":{"line":248,"column":4}},"40":{"start":{"line":189,"column":39},"end":{"line":189,"column":69}},"41":{"start":{"line":200,"column":39},"end":{"line":200,"column":75}},"42":{"start":{"line":212,"column":39},"end":{"line":212,"column":72}},"43":{"start":{"line":223,"column":18},"end":{"line":223,"column":63}},"44":{"start":{"line":233,"column":39},"end":{"line":233,"column":68}},"45":{"start":{"line":236,"column":37},"end":{"line":236,"column":66}}},"fnMap":{"0":{"name":"(anonymous_0)","decl":{"start":{"line":40,"column":25},"end":{"line":40,"column":26}},"loc":{"start":{"line":40,"column":31},"end":{"line":249,"column":1}},"line":40},"1":{"name":"(anonymous_1)","decl":{"start":{"line":50,"column":4},"end":{"line":50,"column":5}},"loc":{"start":{"line":50,"column":37},"end":{"line":115,"column":5}},"line":50},"2":{"name":"(anonymous_2)","decl":{"start":{"line":60,"column":16},"end":{"line":60,"column":17}},"loc":{"start":{"line":60,"column":25},"end":{"line":60,"column":37}},"line":60},"3":{"name":"(anonymous_3)","decl":{"start":{"line":66,"column":18},"end":{"line":66,"column":19}},"loc":{"start":{"line":66,"column":27},"end":{"line":66,"column":39}},"line":66},"4":{"name":"(anonymous_4)","decl":{"start":{"line":119,"column":35},"end":{"line":119,"column":36}},"loc":{"start":{"line":119,"column":41},"end":{"line":121,"column":3}},"line":119},"5":{"name":"(anonymous_5)","decl":{"start":{"line":123,"column":41},"end":{"line":123,"column":42}},"loc":{"start":{"line":123,"column":47},"end":{"line":158,"column":3}},"line":123},"6":{"name":"(anonymous_6)","decl":{"start":{"line":131,"column":6},"end":{"line":131,"column":7}},"loc":{"start":{"line":131,"column":20},"end":{"line":156,"column":7}},"line":131},"7":{"name":"(anonymous_7)","decl":{"start":{"line":150,"column":16},"end":{"line":150,"column":17}},"loc":{"start":{"line":150,"column":33},"end":{"line":152,"column":11}},"line":150},"8":{"name":"(anonymous_8)","decl":{"start":{"line":153,"column":17},"end":{"line":153,"column":18}},"loc":{"start":{"line":153,"column":23},"end":{"line":155,"column":11}},"line":153},"9":{"name":"(anonymous_9)","decl":{"start":{"line":189,"column":33},"end":{"line":189,"column":34}},"loc":{"start":{"line":189,"column":39},"end":{"line":189,"column":69}},"line":189},"10":{"name":"(anonymous_10)","decl":{"start":{"line":200,"column":33},"end":{"line":200,"column":34}},"loc":{"start":{"line":200,"column":39},"end":{"line":200,"column":75}},"line":200},"11":{"name":"(anonymous_11)","decl":{"start":{"line":212,"column":33},"end":{"line":212,"column":34}},"loc":{"start":{"line":212,"column":39},"end":{"line":212,"column":72}},"line":212},"12":{"name":"(anonymous_12)","decl":{"start":{"line":222,"column":33},"end":{"line":222,"column":34}},"loc":{"start":{"line":223,"column":18},"end":{"line":223,"column":63}},"line":223},"13":{"name":"(anonymous_13)","decl":{"start":{"line":233,"column":33},"end":{"line":233,"column":34}},"loc":{"start":{"line":233,"column":39},"end":{"line":233,"column":68}},"line":233},"14":{"name":"(anonymous_14)","decl":{"start":{"line":236,"column":31},"end":{"line":236,"column":32}},"loc":{"start":{"line":236,"column":37},"end":{"line":236,"column":66}},"line":236}},"branchMap":{"0":{"loc":{"start":{"line":88,"column":14},"end":{"line":94,"column":16}},"type":"cond-expr","locations":[{"start":{"line":89,"column":14},"end":{"line":93,"column":15}},{"start":{"line":94,"column":14},"end":{"line":94,"column":16}}],"line":88},"1":{"loc":{"start":{"line":104,"column":8},"end":{"line":108,"column":9}},"type":"if","locations":[{"start":{"line":104,"column":8},"end":{"line":108,"column":9}},{"start":{"line":104,"column":8},"end":{"line":108,"column":9}}],"line":104},"2":{"loc":{"start":{"line":132,"column":8},"end":{"line":134,"column":9}},"type":"if","locations":[{"start":{"line":132,"column":8},"end":{"line":134,"column":9}},{"start":{"line":132,"column":8},"end":{"line":134,"column":9}}],"line":132},"3":{"loc":{"start":{"line":136,"column":8},"end":{"line":138,"column":9}},"type":"if","locations":[{"start":{"line":136,"column":8},"end":{"line":138,"column":9}},{"start":{"line":136,"column":8},"end":{"line":138,"column":9}}],"line":136},"4":{"loc":{"start":{"line":165,"column":18},"end":{"line":165,"column":63}},"type":"cond-expr","locations":[{"start":{"line":165,"column":42},"end":{"line":165,"column":51}},{"start":{"line":165,"column":54},"end":{"line":165,"column":63}}],"line":165}},"s":{"0":0,"1":0,"2":0,"3":0,"4":0,"5":0,"6":0,"7":0,"8":0,"9":0,"10":0,"11":0,"12":0,"13":0,"14":0,"15":0,"16":0,"17":0,"18":0,"19":0,"20":0,"21":0,"22":0,"23":0,"24":0,"25":0,"26":0,"27":0,"28":0,"29":0,"30":0,"31":0,"32":0,"33":0,"34":0,"35":0,"36":0,"37":0,"38":0,"39":0,"40":0,"41":0,"42":0,"43":0,"44":0,"45":0},"f":{"0":0,"1":0,"2":0,"3":0,"4":0,"5":0,"6":0,"7":0,"8":0,"9":0,"10":0,"11":0,"12":0,"13":0,"14":0},"b":{"0":[0,0],"1":[0,0],"2":[0,0],"3":[0,0],"4":[0,0]},"hash":"d6f9b2afc24e3b22e4811ffbdc7f342895cc5b6a"}
,"/home/fernando/workspace/rocketseat/gostack/gobarber/gostack-gobarber-app/src/pages/SignIn/index.tsx": {"path":"/home/fernando/workspace/rocketseat/gostack/gobarber/gostack-gobarber-app/src/pages/SignIn/index.tsx","statementMap":{"0":{"start":{"line":39,"column":25},"end":{"line":137,"column":1}},"1":{"start":{"line":40,"column":18},"end":{"line":40,"column":43}},"2":{"start":{"line":41,"column":27},"end":{"line":41,"column":50}},"3":{"start":{"line":42,"column":21},"end":{"line":42,"column":36}},"4":{"start":{"line":43,"column":21},"end":{"line":43,"column":30}},"5":{"start":{"line":45,"column":23},"end":{"line":78,"column":3}},"6":{"start":{"line":47,"column":6},"end":{"line":75,"column":7}},"7":{"start":{"line":48,"column":8},"end":{"line":48,"column":39}},"8":{"start":{"line":49,"column":23},"end":{"line":54,"column":10}},"9":{"start":{"line":56,"column":8},"end":{"line":58,"column":11}},"10":{"start":{"line":60,"column":8},"end":{"line":63,"column":11}},"11":{"start":{"line":65,"column":8},"end":{"line":69,"column":9}},"12":{"start":{"line":66,"column":25},"end":{"line":66,"column":49}},"13":{"start":{"line":67,"column":10},"end":{"line":67,"column":45}},"14":{"start":{"line":68,"column":10},"end":{"line":68,"column":17}},"15":{"start":{"line":71,"column":8},"end":{"line":74,"column":10}},"16":{"start":{"line":80,"column":2},"end":{"line":136,"column":4}},"17":{"start":{"line":107,"column":39},"end":{"line":107,"column":72}},"18":{"start":{"line":116,"column":39},"end":{"line":116,"column":68}},"19":{"start":{"line":119,"column":37},"end":{"line":119,"column":66}},"20":{"start":{"line":131,"column":42},"end":{"line":131,"column":71}}},"fnMap":{"0":{"name":"(anonymous_0)","decl":{"start":{"line":39,"column":25},"end":{"line":39,"column":26}},"loc":{"start":{"line":39,"column":31},"end":{"line":137,"column":1}},"line":39},"1":{"name":"(anonymous_1)","decl":{"start":{"line":46,"column":4},"end":{"line":46,"column":5}},"loc":{"start":{"line":46,"column":36},"end":{"line":76,"column":5}},"line":46},"2":{"name":"(anonymous_2)","decl":{"start":{"line":107,"column":33},"end":{"line":107,"column":34}},"loc":{"start":{"line":107,"column":39},"end":{"line":107,"column":72}},"line":107},"3":{"name":"(anonymous_3)","decl":{"start":{"line":116,"column":33},"end":{"line":116,"column":34}},"loc":{"start":{"line":116,"column":39},"end":{"line":116,"column":68}},"line":116},"4":{"name":"(anonymous_4)","decl":{"start":{"line":119,"column":31},"end":{"line":119,"column":32}},"loc":{"start":{"line":119,"column":37},"end":{"line":119,"column":66}},"line":119},"5":{"name":"(anonymous_5)","decl":{"start":{"line":131,"column":36},"end":{"line":131,"column":37}},"loc":{"start":{"line":131,"column":42},"end":{"line":131,"column":71}},"line":131}},"branchMap":{"0":{"loc":{"start":{"line":65,"column":8},"end":{"line":69,"column":9}},"type":"if","locations":[{"start":{"line":65,"column":8},"end":{"line":69,"column":9}},{"start":{"line":65,"column":8},"end":{"line":69,"column":9}}],"line":65},"1":{"loc":{"start":{"line":85,"column":18},"end":{"line":85,"column":63}},"type":"cond-expr","locations":[{"start":{"line":85,"column":42},"end":{"line":85,"column":51}},{"start":{"line":85,"column":54},"end":{"line":85,"column":63}}],"line":85}},"s":{"0":1,"1":1,"2":1,"3":1,"4":1,"5":1,"6":0,"7":0,"8":0,"9":0,"10":0,"11":0,"12":0,"13":0,"14":0,"15":0,"16":1,"17":0,"18":0,"19":0,"20":0},"f":{"0":1,"1":0,"2":0,"3":0,"4":0,"5":0},"b":{"0":[0,0],"1":[1,0]},"_coverageSchema":"43e27e138ebf9cfc5966b082cf9a028302ed4184","hash":"9b11e6adc9f91f444e6359b1122f37c1c22478e3"}
,"/home/fernando/workspace/rocketseat/gostack/gobarber/gostack-gobarber-app/src/pages/SignUp/index.tsx": {"path":"/home/fernando/workspace/rocketseat/gostack/gobarber/gostack-gobarber-app/src/pages/SignUp/index.tsx","statementMap":{"0":{"start":{"line":37,"column":25},"end":{"line":143,"column":1}},"1":{"start":{"line":38,"column":21},"end":{"line":38,"column":36}},"2":{"start":{"line":39,"column":18},"end":{"line":39,"column":43}},"3":{"start":{"line":40,"column":24},"end":{"line":40,"column":47}},"4":{"start":{"line":41,"column":27},"end":{"line":41,"column":50}},"5":{"start":{"line":43,"column":23},"end":{"line":78,"column":8}},"6":{"start":{"line":44,"column":4},"end":{"line":77,"column":5}},"7":{"start":{"line":45,"column":6},"end":{"line":45,"column":37}},"8":{"start":{"line":46,"column":21},"end":{"line":52,"column":8}},"9":{"start":{"line":54,"column":6},"end":{"line":56,"column":9}},"10":{"start":{"line":58,"column":6},"end":{"line":58,"column":37}},"11":{"start":{"line":60,"column":6},"end":{"line":63,"column":8}},"12":{"start":{"line":65,"column":6},"end":{"line":65,"column":26}},"13":{"start":{"line":67,"column":6},"end":{"line":71,"column":7}},"14":{"start":{"line":68,"column":23},"end":{"line":68,"column":47}},"15":{"start":{"line":69,"column":8},"end":{"line":69,"column":43}},"16":{"start":{"line":70,"column":8},"end":{"line":70,"column":15}},"17":{"start":{"line":73,"column":6},"end":{"line":76,"column":8}},"18":{"start":{"line":80,"column":2},"end":{"line":142,"column":4}},"19":{"start":{"line":105,"column":39},"end":{"line":105,"column":69}},"20":{"start":{"line":116,"column":39},"end":{"line":116,"column":72}},"21":{"start":{"line":126,"column":39},"end":{"line":126,"column":68}},"22":{"start":{"line":129,"column":37},"end":{"line":129,"column":66}},"23":{"start":{"line":137,"column":41},"end":{"line":137,"column":60}}},"fnMap":{"0":{"name":"(anonymous_0)","decl":{"start":{"line":37,"column":25},"end":{"line":37,"column":26}},"loc":{"start":{"line":37,"column":31},"end":{"line":143,"column":1}},"line":37},"1":{"name":"(anonymous_1)","decl":{"start":{"line":43,"column":35},"end":{"line":43,"column":36}},"loc":{"start":{"line":43,"column":67},"end":{"line":78,"column":3}},"line":43},"2":{"name":"(anonymous_2)","decl":{"start":{"line":105,"column":33},"end":{"line":105,"column":34}},"loc":{"start":{"line":105,"column":39},"end":{"line":105,"column":69}},"line":105},"3":{"name":"(anonymous_3)","decl":{"start":{"line":116,"column":33},"end":{"line":116,"column":34}},"loc":{"start":{"line":116,"column":39},"end":{"line":116,"column":72}},"line":116},"4":{"name":"(anonymous_4)","decl":{"start":{"line":126,"column":33},"end":{"line":126,"column":34}},"loc":{"start":{"line":126,"column":39},"end":{"line":126,"column":68}},"line":126},"5":{"name":"(anonymous_5)","decl":{"start":{"line":129,"column":31},"end":{"line":129,"column":32}},"loc":{"start":{"line":129,"column":37},"end":{"line":129,"column":66}},"line":129},"6":{"name":"(anonymous_6)","decl":{"start":{"line":137,"column":35},"end":{"line":137,"column":36}},"loc":{"start":{"line":137,"column":41},"end":{"line":137,"column":60}},"line":137}},"branchMap":{"0":{"loc":{"start":{"line":67,"column":6},"end":{"line":71,"column":7}},"type":"if","locations":[{"start":{"line":67,"column":6},"end":{"line":71,"column":7}},{"start":{"line":67,"column":6},"end":{"line":71,"column":7}}],"line":67},"1":{"loc":{"start":{"line":85,"column":18},"end":{"line":85,"column":63}},"type":"cond-expr","locations":[{"start":{"line":85,"column":42},"end":{"line":85,"column":51}},{"start":{"line":85,"column":54},"end":{"line":85,"column":63}}],"line":85}},"s":{"0":0,"1":0,"2":0,"3":0,"4":0,"5":0,"6":0,"7":0,"8":0,"9":0,"10":0,"11":0,"12":0,"13":0,"14":0,"15":0,"16":0,"17":0,"18":0,"19":0,"20":0,"21":0,"22":0,"23":0},"f":{"0":0,"1":0,"2":0,"3":0,"4":0,"5":0,"6":0},"b":{"0":[0,0],"1":[0,0]},"hash":"82276e573bb5e9236c75e583721347137b26434b"}
}
